<?xml version="1.0" encoding="utf-8"?><testsuites name="pytest tests"><testsuite name="pytest" errors="0" failures="0" skipped="0" tests="23" time="4.319" timestamp="2026-03-02T17:12:04.204860+00:00" hostname="agent-env-d85eb9a0-15bd-46e9-ab5a-60ce3c02d4c2"><testcase classname="backend.tests.test_ctf.TestCTFExercises" name="test_list_exercises_returns_4_exercises" time="0.299" /><testcase classname="backend.tests.test_ctf.TestCTFExercises" name="test_exercises_have_correct_difficulty_levels" time="0.175" /><testcase classname="backend.tests.test_ctf.TestCTFExercises" name="test_exercises_have_required_fields" time="0.109" /><testcase classname="backend.tests.test_ctf.TestCTFExercises" name="test_exercises_total_points_is_1550" time="0.113" /><testcase classname="backend.tests.test_ctf.TestCTFExerciseDetail" name="test_ex001_operation_shadow_entry" time="0.109" /><testcase classname="backend.tests.test_ctf.TestCTFExerciseDetail" name="test_ex002_operation_mobile_ghost" time="0.119" /><testcase classname="backend.tests.test_ctf.TestCTFExerciseDetail" name="test_ex003_operation_domain_domination" time="0.112" /><testcase classname="backend.tests.test_ctf.TestCTFExerciseDetail" name="test_ex004_operation_ios_zero_day" time="0.126" /><testcase classname="backend.tests.test_ctf.TestCTFExerciseDetail" name="test_invalid_exercise_returns_404" time="0.136" /><testcase classname="backend.tests.test_ctf.TestCTFStart" name="test_start_ex001_with_default_operator" time="0.102" /><testcase classname="backend.tests.test_ctf.TestCTFStart" name="test_start_ex002_with_custom_operator" time="0.136" /><testcase classname="backend.tests.test_ctf.TestCTFStart" name="test_start_invalid_exercise_returns_404" time="0.112" /><testcase classname="backend.tests.test_ctf.TestCTFExecute" name="test_execute_first_step_ex001" time="0.122" /><testcase classname="backend.tests.test_ctf.TestCTFExecute" name="test_execute_last_step_ex001_mission_complete" time="0.138" /><testcase classname="backend.tests.test_ctf.TestCTFExecute" name="test_execute_invalid_step_returns_400" time="0.118" /><testcase classname="backend.tests.test_ctf.TestCTFExecute" name="test_execute_negative_step_returns_400" time="0.109" /><testcase classname="backend.tests.test_ctf.TestCTFExecute" name="test_execute_invalid_exercise_returns_404" time="0.111" /><testcase classname="backend.tests.test_ctf.TestCTFLeaderboard" name="test_leaderboard_returns_7_operators" time="0.120" /><testcase classname="backend.tests.test_ctf.TestCTFLeaderboard" name="test_leaderboard_is_sorted_by_rank" time="0.142" /><testcase classname="backend.tests.test_ctf.TestCTFLeaderboard" name="test_leaderboard_has_required_fields" time="0.127" /><testcase classname="backend.tests.test_ctf.TestCTFLeaderboard" name="test_top_operator_is_ghost_admin" time="0.166" /><testcase classname="backend.tests.test_ctf.TestCTFFullFlow" name="test_full_exercise_flow_ex003" time="0.703" /><testcase classname="backend.tests.test_ctf.TestCTFFullFlow" name="test_step_phases_ex001" time="0.682" /></testsuite></testsuites>