<?xml version="1.0" encoding="utf-8"?><testsuites name="pytest tests"><testsuite name="pytest" errors="0" failures="0" skipped="0" tests="28" time="3.668" timestamp="2026-03-02T16:11:45.898512+00:00" hostname="agent-env-d85eb9a0-15bd-46e9-ab5a-60ce3c02d4c2"><testcase classname="tests.test_c2_dashboard.TestC2Dashboard" name="test_c2_dashboard_overview" time="0.237" /><testcase classname="tests.test_c2_dashboard.TestC2Agents" name="test_get_all_agents" time="0.109" /><testcase classname="tests.test_c2_dashboard.TestC2Agents" name="test_filter_agents_by_windows" time="0.144" /><testcase classname="tests.test_c2_dashboard.TestC2Agents" name="test_filter_agents_by_android" time="0.120" /><testcase classname="tests.test_c2_dashboard.TestC2Agents" name="test_filter_agents_by_linux" time="0.128" /><testcase classname="tests.test_c2_dashboard.TestC2Agents" name="test_filter_agents_by_ios" time="0.107" /><testcase classname="tests.test_c2_dashboard.TestC2AgentDetail" name="test_get_windows_agent_detail" time="0.144" /><testcase classname="tests.test_c2_dashboard.TestC2AgentDetail" name="test_get_android_agent_detail" time="0.104" /><testcase classname="tests.test_c2_dashboard.TestC2AgentDetail" name="test_get_linux_agent_detail" time="0.127" /><testcase classname="tests.test_c2_dashboard.TestC2AgentDetail" name="test_get_nonexistent_agent" time="0.103" /><testcase classname="tests.test_c2_dashboard.TestC2Tasks" name="test_execute_screenshot_on_windows" time="0.158" /><testcase classname="tests.test_c2_dashboard.TestC2Tasks" name="test_execute_shell_on_linux" time="0.108" /><testcase classname="tests.test_c2_dashboard.TestC2Tasks" name="test_execute_gps_on_android" time="0.115" /><testcase classname="tests.test_c2_dashboard.TestC2Tasks" name="test_execute_invalid_command_on_windows" time="0.118" /><testcase classname="tests.test_c2_dashboard.TestC2Tasks" name="test_task_on_nonexistent_agent" time="0.114" /><testcase classname="tests.test_c2_dashboard.TestC2Payloads" name="test_get_all_payloads" time="0.129" /><testcase classname="tests.test_c2_dashboard.TestC2Payloads" name="test_get_windows_payloads" time="0.144" /><testcase classname="tests.test_c2_dashboard.TestC2Build" name="test_build_android_rat" time="0.118" /><testcase classname="tests.test_c2_dashboard.TestC2Build" name="test_build_windows_ransomware" time="0.103" /><testcase classname="tests.test_c2_dashboard.TestC2Build" name="test_build_invalid_platform" time="0.112" /><testcase classname="tests.test_c2_dashboard.TestC2Labs" name="test_get_lab_environments" time="0.115" /><testcase classname="tests.test_c2_dashboard.TestC2Audit" name="test_get_audit_log" time="0.108" /><testcase classname="tests.test_c2_dashboard.TestC2Audit" name="test_add_audit_entry" time="0.176" /><testcase classname="tests.test_c2_dashboard.TestC2Commands" name="test_get_windows_commands" time="0.118" /><testcase classname="tests.test_c2_dashboard.TestC2Commands" name="test_get_android_commands" time="0.113" /><testcase classname="tests.test_c2_dashboard.TestC2Commands" name="test_get_linux_commands" time="0.105" /><testcase classname="tests.test_c2_dashboard.TestC2Commands" name="test_get_ios_commands" time="0.124" /><testcase classname="tests.test_c2_dashboard.TestC2Commands" name="test_get_invalid_platform_commands" time="0.111" /></testsuite></testsuites>