<?xml version="1.0" encoding="utf-8"?><testsuites name="pytest tests"><testsuite name="pytest" errors="0" failures="0" skipped="0" tests="54" time="8.859" timestamp="2026-03-06T05:17:59.117158+00:00" hostname="agent-env-d85eb9a0-15bd-46e9-ab5a-60ce3c02d4c2"><testcase classname="backend.tests.test_academy.TestAcademyPrograms" name="test_list_programs_returns_200" time="0.294" /><testcase classname="backend.tests.test_academy.TestAcademyPrograms" name="test_list_programs_returns_12_programs" time="0.142" /><testcase classname="backend.tests.test_academy.TestAcademyPrograms" name="test_list_programs_has_required_fields" time="0.111" /><testcase classname="backend.tests.test_academy.TestAcademyPrograms" name="test_list_programs_specific_names" time="0.102" /><testcase classname="backend.tests.test_academy.TestAcademyPrograms" name="test_list_programs_total_xp_and_challenges" time="0.118" /><testcase classname="backend.tests.test_academy.TestAcademyProgramDetail" name="test_shadowforge_returns_3_levels" time="0.237" /><testcase classname="backend.tests.test_academy.TestAcademyProgramDetail" name="test_cybersprout_returns_3_levels" time="0.102" /><testcase classname="backend.tests.test_academy.TestAcademyProgramDetail" name="test_wargrid_returns_3_levels" time="0.114" /><testcase classname="backend.tests.test_academy.TestAcademyProgramDetail" name="test_ciphervault_returns_2_levels" time="0.156" /><testcase classname="backend.tests.test_academy.TestAcademyProgramDetail" name="test_phantomgate_returns_2_levels" time="0.104" /><testcase classname="backend.tests.test_academy.TestAcademyProgramDetail" name="test_blueshield_returns_2_levels" time="0.112" /><testcase classname="backend.tests.test_academy.TestAcademyProgramDetail" name="test_invalid_program_returns_404" time="0.119" /><testcase classname="backend.tests.test_academy.TestAcademyProgramDetail" name="test_program_detail_has_required_fields" time="0.141" /><testcase classname="backend.tests.test_academy.TestAcademyProgramDetail" name="test_level_detail_in_program" time="0.114" /><testcase classname="backend.tests.test_academy.TestAcademyLevelDetail" name="test_shadowforge_level_sf1_has_3_challenges" time="0.106" /><testcase classname="backend.tests.test_academy.TestAcademyLevelDetail" name="test_cybersprout_level_cs1_has_4_challenges" time="0.133" /><testcase classname="backend.tests.test_academy.TestAcademyLevelDetail" name="test_level_challenge_structure" time="0.097" /><testcase classname="backend.tests.test_academy.TestAcademyLevelDetail" name="test_invalid_level_returns_404" time="0.106" /><testcase classname="backend.tests.test_academy.TestAcademyLevelDetail" name="test_level_has_program_name_and_color" time="0.132" /><testcase classname="backend.tests.test_academy.TestAcademySubmit" name="test_correct_answer_shadowforge_sf1_1" time="0.158" /><testcase classname="backend.tests.test_academy.TestAcademySubmit" name="test_wrong_answer_shadowforge_sf1_1" time="0.109" /><testcase classname="backend.tests.test_academy.TestAcademySubmit" name="test_correct_answer_cybersprout_cs1_1" time="0.101" /><testcase classname="backend.tests.test_academy.TestAcademySubmit" name="test_correct_answer_wargrid_wg2_2" time="0.098" /><testcase classname="backend.tests.test_academy.TestAcademySubmit" name="test_case_insensitive_answer" time="0.109" /><testcase classname="backend.tests.test_academy.TestAcademySubmit" name="test_invalid_program_submit_returns_404" time="0.103" /><testcase classname="backend.tests.test_academy.TestAcademySubmit" name="test_invalid_level_submit_returns_404" time="0.105" /><testcase classname="backend.tests.test_academy.TestAcademySubmit" name="test_invalid_challenge_submit_returns_404" time="0.115" /><testcase classname="backend.tests.test_academy.TestAcademySubmit" name="test_submit_response_has_message" time="0.102" /><testcase classname="backend.tests.test_academy.TestAllPrograms" name="test_program_exists_and_has_levels[shadowforge]" time="0.116" /><testcase classname="backend.tests.test_academy.TestAllPrograms" name="test_program_exists_and_has_levels[cybersprout]" time="0.106" /><testcase classname="backend.tests.test_academy.TestAllPrograms" name="test_program_exists_and_has_levels[wargrid]" time="0.095" /><testcase classname="backend.tests.test_academy.TestAllPrograms" name="test_program_exists_and_has_levels[ciphervault]" time="0.101" /><testcase classname="backend.tests.test_academy.TestAllPrograms" name="test_program_exists_and_has_levels[phantomgate]" time="0.127" /><testcase classname="backend.tests.test_academy.TestAllPrograms" name="test_program_exists_and_has_levels[flaghunter]" time="0.099" /><testcase classname="backend.tests.test_academy.TestAllPrograms" name="test_program_exists_and_has_levels[bladepent]" time="0.101" /><testcase classname="backend.tests.test_academy.TestAllPrograms" name="test_program_exists_and_has_levels[strikehawk]" time="0.109" /><testcase classname="backend.tests.test_academy.TestAllPrograms" name="test_program_exists_and_has_levels[webwraith]" time="0.121" /><testcase classname="backend.tests.test_academy.TestAllPrograms" name="test_program_exists_and_has_levels[cyberdrill]" time="0.105" /><testcase classname="backend.tests.test_academy.TestAllPrograms" name="test_program_exists_and_has_levels[breachpoint]" time="0.108" /><testcase classname="backend.tests.test_academy.TestAllPrograms" name="test_program_exists_and_has_levels[blueshield]" time="0.104" /><testcase classname="backend.tests.test_academy.TestAllPrograms" name="test_program_has_xp_and_challenges[shadowforge]" time="0.098" /><testcase classname="backend.tests.test_academy.TestAllPrograms" name="test_program_has_xp_and_challenges[cybersprout]" time="0.104" /><testcase classname="backend.tests.test_academy.TestAllPrograms" name="test_program_has_xp_and_challenges[wargrid]" time="0.124" /><testcase classname="backend.tests.test_academy.TestAllPrograms" name="test_program_has_xp_and_challenges[ciphervault]" time="0.111" /><testcase classname="backend.tests.test_academy.TestAllPrograms" name="test_program_has_xp_and_challenges[phantomgate]" time="0.116" /><testcase classname="backend.tests.test_academy.TestAllPrograms" name="test_program_has_xp_and_challenges[flaghunter]" time="0.094" /><testcase classname="backend.tests.test_academy.TestAllPrograms" name="test_program_has_xp_and_challenges[bladepent]" time="0.101" /><testcase classname="backend.tests.test_academy.TestAllPrograms" name="test_program_has_xp_and_challenges[strikehawk]" time="0.099" /><testcase classname="backend.tests.test_academy.TestAllPrograms" name="test_program_has_xp_and_challenges[webwraith]" time="0.105" /><testcase classname="backend.tests.test_academy.TestAllPrograms" name="test_program_has_xp_and_challenges[cyberdrill]" time="0.097" /><testcase classname="backend.tests.test_academy.TestAllPrograms" name="test_program_has_xp_and_challenges[breachpoint]" time="0.101" /><testcase classname="backend.tests.test_academy.TestAllPrograms" name="test_program_has_xp_and_challenges[blueshield]" time="0.107" /><testcase classname="backend.tests.test_academy.TestAIMentor" name="test_ai_mentor_returns_response" time="2.484" /><testcase classname="backend.tests.test_academy.TestAIMentor" name="test_ai_mentor_invalid_program_returns_404" time="0.131" /></testsuite></testsuites>