<?xml version="1.0" encoding="utf-8"?><testsuites name="pytest tests"><testsuite name="pytest" errors="0" failures="0" skipped="0" tests="21" time="3.688" timestamp="2026-03-01T19:01:18.084507+00:00" hostname="agent-env-939e0cad-cafe-4b89-a20f-24523fd21620"><testcase classname="backend.tests.test_pentest_lab.TestPentestLabDashboard" name="test_dashboard_returns_200" time="0.148" /><testcase classname="backend.tests.test_pentest_lab.TestPentestLabDashboard" name="test_dashboard_data_structure" time="0.120" /><testcase classname="backend.tests.test_pentest_lab.TestPentestLabTargets" name="test_lab_targets_returns_200" time="0.159" /><testcase classname="backend.tests.test_pentest_lab.TestPentestLabTargets" name="test_lab_targets_returns_6_targets" time="0.115" /><testcase classname="backend.tests.test_pentest_lab.TestPortScanner" name="test_port_scan_lab_target" time="0.172" /><testcase classname="backend.tests.test_pentest_lab.TestPortScanner" name="test_port_scan_unknown_target" time="0.114" /><testcase classname="backend.tests.test_pentest_lab.TestNetworkSniffer" name="test_network_sniffer" time="0.137" /><testcase classname="backend.tests.test_pentest_lab.TestBruteforceSimulation" name="test_bruteforce_ssh" time="0.117" /><testcase classname="backend.tests.test_pentest_lab.TestExploitSimulation" name="test_exploit_against_lab_target" time="0.118" /><testcase classname="backend.tests.test_pentest_lab.TestExploitsDatabase" name="test_exploits_database_returns_10_exploits" time="0.113" /><testcase classname="backend.tests.test_pentest_lab.TestTrojanTemplates" name="test_trojan_templates_returns_8_templates" time="0.142" /><testcase classname="backend.tests.test_pentest_lab.TestTrojanAnalyze" name="test_trojan_analyze_by_filename" time="0.121" /><testcase classname="backend.tests.test_pentest_lab.TestSiteMapper" name="test_sitemap_scan" time="0.130" /><testcase classname="backend.tests.test_pentest_lab.TestUserRecon" name="test_user_recon_across_20_platforms" time="0.109" /><testcase classname="backend.tests.test_pentest_lab.TestSecretScannerRegression" name="test_secret_scanner_detects_aws_keys" time="0.139" /><testcase classname="backend.tests.test_pentest_lab.TestGoogleDorksRegression" name="test_google_dorks_database" time="0.119" /><testcase classname="backend.tests.test_pentest_lab.TestMexicoOSINTRegression" name="test_mexico_dashboard" time="0.125" /><testcase classname="backend.tests.test_pentest_lab.TestRealAPIsRegression" name="test_ip_lookup_8_8_8_8" time="0.496" /><testcase classname="backend.tests.test_pentest_lab.TestRealAPIsRegression" name="test_weather_api" time="0.661" /><testcase classname="backend.tests.test_pentest_lab.TestCellularIntelRegression" name="test_cellular_dashboard" time="0.117" /><testcase classname="backend.tests.test_pentest_lab.TestCellularIntelRegression" name="test_cellular_realtime_scan" time="0.109" /></testsuite></testsuites>