<?xml version="1.0" encoding="utf-8"?><testsuites name="pytest tests"><testsuite name="pytest" errors="0" failures="0" skipped="0" tests="23" time="6.753" timestamp="2026-03-01T18:40:13.878610+00:00" hostname="agent-env-939e0cad-cafe-4b89-a20f-24523fd21620"><testcase classname="tests.test_new_modules.TestSecretScanner" name="test_scan_text_for_secrets_with_aws_key" time="0.346" /><testcase classname="tests.test_new_modules.TestSecretScanner" name="test_scan_empty_text_returns_error" time="0.126" /><testcase classname="tests.test_new_modules.TestSecretScanner" name="test_get_all_patterns" time="0.125" /><testcase classname="tests.test_new_modules.TestSecretScanner" name="test_get_keyhacks_database" time="0.157" /><testcase classname="tests.test_new_modules.TestGoogleDorks" name="test_get_dorks_database" time="0.143" /><testcase classname="tests.test_new_modules.TestGoogleDorks" name="test_get_search_operators" time="0.112" /><testcase classname="tests.test_new_modules.TestGoogleDorks" name="test_build_custom_dork_general" time="0.112" /><testcase classname="tests.test_new_modules.TestGoogleDorks" name="test_build_custom_dork_credentials" time="0.108" /><testcase classname="tests.test_new_modules.TestGoogleDorks" name="test_build_custom_dork_empty_target_fails" time="0.102" /><testcase classname="tests.test_new_modules.TestMexicoOSINT" name="test_get_states" time="0.113" /><testcase classname="tests.test_new_modules.TestMexicoOSINT" name="test_get_cities" time="0.115" /><testcase classname="tests.test_new_modules.TestMexicoOSINT" name="test_lookup_zipcode_valid" time="0.125" /><testcase classname="tests.test_new_modules.TestMexicoOSINT" name="test_lookup_zipcode_invalid" time="0.105" /><testcase classname="tests.test_new_modules.TestMexicoOSINT" name="test_validate_curp_valid" time="0.120" /><testcase classname="tests.test_new_modules.TestMexicoOSINT" name="test_validate_curp_invalid" time="0.117" /><testcase classname="tests.test_new_modules.TestMexicoOSINT" name="test_get_telecom_operators" time="0.121" /><testcase classname="tests.test_new_modules.TestMexicoOSINT" name="test_get_mexico_dashboard" time="0.144" /><testcase classname="tests.test_new_modules.TestRealAPIs" name="test_ip_lookup_google_dns" time="0.428" /><testcase classname="tests.test_new_modules.TestRealAPIs" name="test_breach_check_email" time="0.275" /><testcase classname="tests.test_new_modules.TestRealAPIs" name="test_ssl_check_google" time="2.552" /><testcase classname="tests.test_new_modules.TestRealAPIs" name="test_weather_data_mexico_city" time="0.713" /><testcase classname="tests.test_new_modules.TestRealAPIs" name="test_safe_browsing_google" time="0.189" /><testcase classname="tests.test_new_modules.TestHealthAndBasics" name="test_api_root_endpoint" time="0.151" /></testsuite></testsuites>