<?xml version="1.0" encoding="utf-8"?><testsuites name="pytest tests"><testsuite name="pytest" errors="0" failures="0" skipped="0" tests="21" time="4.776" timestamp="2026-03-01T19:17:11.614423+00:00" hostname="agent-env-939e0cad-cafe-4b89-a20f-24523fd21620"><testcase classname="backend.tests.test_cyber_tools.TestCyberToolsDashboard" name="test_dashboard_returns_14_tools" time="0.155" /><testcase classname="backend.tests.test_cyber_tools.TestPortScanner" name="test_port_scan_google" time="1.654" /><testcase classname="backend.tests.test_cyber_tools.TestDnsLookup" name="test_dns_lookup_google" time="0.150" /><testcase classname="backend.tests.test_cyber_tools.TestWhoisLookup" name="test_whois_google" time="0.524" /><testcase classname="backend.tests.test_cyber_tools.TestHashGenerator" name="test_hash_generator_all_algorithms" time="0.124" /><testcase classname="backend.tests.test_cyber_tools.TestHashCracker" name="test_crack_password123_md5" time="0.128" /><testcase classname="backend.tests.test_cyber_tools.TestHashCracker" name="test_crack_unknown_hash" time="0.135" /><testcase classname="backend.tests.test_cyber_tools.TestEncoderDecoder" name="test_base64_encode" time="0.156" /><testcase classname="backend.tests.test_cyber_tools.TestEncoderDecoder" name="test_base64_decode" time="0.110" /><testcase classname="backend.tests.test_cyber_tools.TestEncoderDecoder" name="test_rot13_encode" time="0.121" /><testcase classname="backend.tests.test_cyber_tools.TestEncoderDecoder" name="test_hex_encode" time="0.146" /><testcase classname="backend.tests.test_cyber_tools.TestJwtDecoder" name="test_jwt_decode_valid_token" time="0.127" /><testcase classname="backend.tests.test_cyber_tools.TestJwtDecoder" name="test_jwt_decode_invalid_format" time="0.103" /><testcase classname="backend.tests.test_cyber_tools.TestPasswordGenerator" name="test_generate_3_passwords_length_16" time="0.112" /><testcase classname="backend.tests.test_cyber_tools.TestPasswordAnalyzer" name="test_weak_password" time="0.103" /><testcase classname="backend.tests.test_cyber_tools.TestPasswordAnalyzer" name="test_strong_password" time="0.131" /><testcase classname="backend.tests.test_cyber_tools.TestSubnetCalculator" name="test_subnet_calc_class_c" time="0.111" /><testcase classname="backend.tests.test_cyber_tools.TestSubnetCalculator" name="test_subnet_calc_slash_30" time="0.112" /><testcase classname="backend.tests.test_cyber_tools.TestHttpHeaderInspector" name="test_http_headers_google" time="0.258" /><testcase classname="backend.tests.test_cyber_tools.TestTcpPing" name="test_tcp_ping_google" time="0.110" /><testcase classname="backend.tests.test_cyber_tools.TestReverseIp" name="test_reverse_ip_google_dns" time="0.114" /></testsuite></testsuites>